<?xml version="1.0" encoding="UTF-8"?>
<!-- Generated by org.testng.reporters.JUnitReportReporter -->
<testsuite hostname="DESKTOP-4HHL6AL" failures="0" tests="5" name="PerformAllRequestsInOneClass.Demo" time="5.913" errors="0" timestamp="2023-10-04T10:01:01 IST" skipped="0">
  <testcase classname="PerformAllRequestsInOneClass.Demo" name="post" time="4.358"/>
  <testcase classname="PerformAllRequestsInOneClass.Demo" name="get" time="0.205"/>
  <testcase classname="PerformAllRequestsInOneClass.Demo" name="put" time="0.544"/>
  <testcase classname="PerformAllRequestsInOneClass.Demo" name="delete" time="0.687"/>
  <testcase classname="PerformAllRequestsInOneClass.Demo" name="get1" time="0.119"/>
</testsuite> <!-- PerformAllRequestsInOneClass.Demo -->
