<?xml version="1.0" encoding="UTF-8"?>
<!-- Generated by org.testng.reporters.JUnitReportReporter -->
<testsuite hostname="DESKTOP-4HHL6AL" failures="0" tests="5" name="PetStore.PerformAllOperations" time="20.643" errors="0" timestamp="2023-10-05T08:50:20 IST" skipped="0">
  <testcase classname="PetStore.PerformAllOperations" name="post" time="7.277"/>
  <testcase classname="PetStore.PerformAllOperations" name="get" time="3.282"/>
  <testcase classname="PetStore.PerformAllOperations" name="put" time="2.400"/>
  <testcase classname="PetStore.PerformAllOperations" name="delete" time="3.747"/>
  <testcase classname="PetStore.PerformAllOperations" name="get1" time="3.937"/>
</testsuite> <!-- PetStore.PerformAllOperations -->
